<?xml version="1.0" encoding="UTF-8"?>
<testng-results ignored="0" total="11" passed="10" failed="1" skipped="0">
  <reporter-output>
  </reporter-output>
  <suite started-at="2021-12-18T23:05:58 IST" name="Default suite" finished-at="2021-12-18T23:08:53 IST" duration-ms="174793">
    <groups>
    </groups>
    <test started-at="2021-12-18T23:05:58 IST" name="Default test" finished-at="2021-12-18T23:08:53 IST" duration-ms="174793">
      <class name="Coden.Selenium.PageObjectTest.AutomationPageTest">
        <test-method is-config="true" signature="LoadConfig()[pri:0, instance:Coden.Selenium.PageObjectTest.AutomationPageTest@6c64cb25]" started-at="2021-12-18T23:05:58 IST" name="LoadConfig" finished-at="2021-12-18T23:05:58 IST" duration-ms="7" status="PASS">
          <reporter-output>
          </reporter-output>
        </test-method> <!-- LoadConfig -->
        <test-method is-config="true" signature="setup()[pri:0, instance:Coden.Selenium.PageObjectTest.AutomationPageTest@6c64cb25]" started-at="2021-12-18T23:05:58 IST" name="setup" finished-at="2021-12-18T23:06:18 IST" duration-ms="19822" status="PASS">
          <reporter-output>
          </reporter-output>
        </test-method> <!-- setup -->
        <test-method signature="radioButtonTest()[pri:1, instance:Coden.Selenium.PageObjectTest.AutomationPageTest@6c64cb25]" started-at="2021-12-18T23:06:18 IST" name="radioButtonTest" finished-at="2021-12-18T23:06:19 IST" duration-ms="1558" status="PASS">
          <reporter-output>
          </reporter-output>
        </test-method> <!-- radioButtonTest -->
        <test-method is-config="true" signature="tearDown()[pri:0, instance:Coden.Selenium.PageObjectTest.AutomationPageTest@6c64cb25]" started-at="2021-12-18T23:06:19 IST" name="tearDown" finished-at="2021-12-18T23:06:21 IST" duration-ms="1586" status="PASS">
          <reporter-output>
          </reporter-output>
        </test-method> <!-- tearDown -->
        <test-method is-config="true" signature="setup()[pri:0, instance:Coden.Selenium.PageObjectTest.AutomationPageTest@6c64cb25]" started-at="2021-12-18T23:06:21 IST" name="setup" finished-at="2021-12-18T23:06:32 IST" duration-ms="11259" status="PASS">
          <reporter-output>
          </reporter-output>
        </test-method> <!-- setup -->
        <test-method signature="dynamicDropDownTest()[pri:2, instance:Coden.Selenium.PageObjectTest.AutomationPageTest@6c64cb25]" started-at="2021-12-18T23:06:32 IST" name="dynamicDropDownTest" finished-at="2021-12-18T23:06:32 IST" duration-ms="92" status="PASS">
          <reporter-output>
          </reporter-output>
        </test-method> <!-- dynamicDropDownTest -->
        <test-method is-config="true" signature="tearDown()[pri:0, instance:Coden.Selenium.PageObjectTest.AutomationPageTest@6c64cb25]" started-at="2021-12-18T23:06:32 IST" name="tearDown" finished-at="2021-12-18T23:06:34 IST" duration-ms="1658" status="PASS">
          <reporter-output>
          </reporter-output>
        </test-method> <!-- tearDown -->
        <test-method is-config="true" signature="setup()[pri:0, instance:Coden.Selenium.PageObjectTest.AutomationPageTest@6c64cb25]" started-at="2021-12-18T23:06:34 IST" name="setup" finished-at="2021-12-18T23:06:45 IST" duration-ms="11189" status="PASS">
          <reporter-output>
          </reporter-output>
        </test-method> <!-- setup -->
        <test-method signature="staticDropDownTest()[pri:3, instance:Coden.Selenium.PageObjectTest.AutomationPageTest@6c64cb25]" started-at="2021-12-18T23:06:45 IST" name="staticDropDownTest" finished-at="2021-12-18T23:06:45 IST" duration-ms="146" status="PASS">
          <reporter-output>
          </reporter-output>
        </test-method> <!-- staticDropDownTest -->
        <test-method is-config="true" signature="tearDown()[pri:0, instance:Coden.Selenium.PageObjectTest.AutomationPageTest@6c64cb25]" started-at="2021-12-18T23:06:45 IST" name="tearDown" finished-at="2021-12-18T23:06:47 IST" duration-ms="1596" status="PASS">
          <reporter-output>
          </reporter-output>
        </test-method> <!-- tearDown -->
        <test-method is-config="true" signature="setup()[pri:0, instance:Coden.Selenium.PageObjectTest.AutomationPageTest@6c64cb25]" started-at="2021-12-18T23:06:47 IST" name="setup" finished-at="2021-12-18T23:06:59 IST" duration-ms="12129" status="PASS">
          <reporter-output>
          </reporter-output>
        </test-method> <!-- setup -->
        <test-method signature="checkBoxClickTest()[pri:4, instance:Coden.Selenium.PageObjectTest.AutomationPageTest@6c64cb25]" started-at="2021-12-18T23:06:59 IST" name="checkBoxClickTest" finished-at="2021-12-18T23:06:59 IST" duration-ms="202" status="PASS">
          <reporter-output>
          </reporter-output>
        </test-method> <!-- checkBoxClickTest -->
        <test-method is-config="true" signature="tearDown()[pri:0, instance:Coden.Selenium.PageObjectTest.AutomationPageTest@6c64cb25]" started-at="2021-12-18T23:06:59 IST" name="tearDown" finished-at="2021-12-18T23:07:01 IST" duration-ms="1640" status="PASS">
          <reporter-output>
          </reporter-output>
        </test-method> <!-- tearDown -->
        <test-method is-config="true" signature="setup()[pri:0, instance:Coden.Selenium.PageObjectTest.AutomationPageTest@6c64cb25]" started-at="2021-12-18T23:07:01 IST" name="setup" finished-at="2021-12-18T23:07:11 IST" duration-ms="10435" status="PASS">
          <reporter-output>
          </reporter-output>
        </test-method> <!-- setup -->
        <test-method signature="newWindowHandleTest()[pri:5, instance:Coden.Selenium.PageObjectTest.AutomationPageTest@6c64cb25]" started-at="2021-12-18T23:07:11 IST" name="newWindowHandleTest" finished-at="2021-12-18T23:07:11 IST" duration-ms="235" status="PASS">
          <reporter-output>
          </reporter-output>
        </test-method> <!-- newWindowHandleTest -->
        <test-method is-config="true" signature="tearDown()[pri:0, instance:Coden.Selenium.PageObjectTest.AutomationPageTest@6c64cb25]" started-at="2021-12-18T23:07:11 IST" name="tearDown" finished-at="2021-12-18T23:07:13 IST" duration-ms="1818" status="PASS">
          <reporter-output>
          </reporter-output>
        </test-method> <!-- tearDown -->
        <test-method is-config="true" signature="setup()[pri:0, instance:Coden.Selenium.PageObjectTest.AutomationPageTest@6c64cb25]" started-at="2021-12-18T23:07:13 IST" name="setup" finished-at="2021-12-18T23:07:30 IST" duration-ms="16958" status="PASS">
          <reporter-output>
          </reporter-output>
        </test-method> <!-- setup -->
        <test-method signature="newTabTest()[pri:6, instance:Coden.Selenium.PageObjectTest.AutomationPageTest@6c64cb25]" started-at="2021-12-18T23:07:30 IST" name="newTabTest" finished-at="2021-12-18T23:07:32 IST" duration-ms="1519" status="FAIL">
          <exception class="java.lang.IndexOutOfBoundsException">
            <message>
              <![CDATA[Index 1000 out of bounds for length 2]]>
            </message>
            <full-stacktrace>
              <![CDATA[java.lang.IndexOutOfBoundsException: Index 1000 out of bounds for length 2
at java.base/jdk.internal.util.Preconditions.outOfBounds(Preconditions.java:64)
at java.base/jdk.internal.util.Preconditions.outOfBoundsCheckIndex(Preconditions.java:70)
at java.base/jdk.internal.util.Preconditions.checkIndex(Preconditions.java:266)
at java.base/java.util.Objects.checkIndex(Objects.java:359)
at java.base/java.util.ArrayList.get(ArrayList.java:427)
at Coden.Selenium.PageObject.AutomationPage.newTab(AutomationPage.java:126)
at Coden.Selenium.PageObjectTest.AutomationPageTest.newTabTest(AutomationPageTest.java:56)
at java.base/jdk.internal.reflect.NativeMethodAccessorImpl.invoke0(Native Method)
at java.base/jdk.internal.reflect.NativeMethodAccessorImpl.invoke(NativeMethodAccessorImpl.java:77)
at java.base/jdk.internal.reflect.DelegatingMethodAccessorImpl.invoke(DelegatingMethodAccessorImpl.java:43)
at java.base/java.lang.reflect.Method.invoke(Method.java:568)
at org.testng.internal.MethodInvocationHelper.invokeMethod(MethodInvocationHelper.java:133)
at org.testng.internal.TestInvoker.invokeMethod(TestInvoker.java:598)
at org.testng.internal.TestInvoker.invokeTestMethod(TestInvoker.java:173)
at org.testng.internal.MethodRunner.runInSequence(MethodRunner.java:46)
at org.testng.internal.TestInvoker$MethodInvocationAgent.invoke(TestInvoker.java:824)
at org.testng.internal.TestInvoker.invokeTestMethods(TestInvoker.java:146)
at org.testng.internal.TestMethodWorker.invokeTestMethods(TestMethodWorker.java:146)
at org.testng.internal.TestMethodWorker.run(TestMethodWorker.java:128)
at java.base/java.util.ArrayList.forEach(ArrayList.java:1511)
at org.testng.TestRunner.privateRun(TestRunner.java:794)
at org.testng.TestRunner.run(TestRunner.java:596)
at org.testng.SuiteRunner.runTest(SuiteRunner.java:377)
at org.testng.SuiteRunner.runSequentially(SuiteRunner.java:371)
at org.testng.SuiteRunner.privateRun(SuiteRunner.java:332)
at org.testng.SuiteRunner.run(SuiteRunner.java:276)
at org.testng.SuiteRunnerWorker.runSuite(SuiteRunnerWorker.java:53)
at org.testng.SuiteRunnerWorker.run(SuiteRunnerWorker.java:96)
at org.testng.TestNG.runSuitesSequentially(TestNG.java:1212)
at org.testng.TestNG.runSuitesLocally(TestNG.java:1134)
at org.testng.TestNG.runSuites(TestNG.java:1063)
at org.testng.TestNG.run(TestNG.java:1031)
at org.testng.remote.AbstractRemoteTestNG.run(AbstractRemoteTestNG.java:115)
at org.testng.remote.RemoteTestNG.initAndRun(RemoteTestNG.java:251)
at org.testng.remote.RemoteTestNG.main(RemoteTestNG.java:77)
]]>
            </full-stacktrace>
          </exception> <!-- java.lang.IndexOutOfBoundsException -->
          <reporter-output>
          </reporter-output>
        </test-method> <!-- newTabTest -->
        <test-method is-config="true" signature="tearDown()[pri:0, instance:Coden.Selenium.PageObjectTest.AutomationPageTest@6c64cb25]" started-at="2021-12-18T23:07:32 IST" name="tearDown" finished-at="2021-12-18T23:07:34 IST" duration-ms="1880" status="PASS">
          <reporter-output>
          </reporter-output>
        </test-method> <!-- tearDown -->
        <test-method is-config="true" signature="setup()[pri:0, instance:Coden.Selenium.PageObjectTest.AutomationPageTest@6c64cb25]" started-at="2021-12-18T23:07:34 IST" name="setup" finished-at="2021-12-18T23:07:47 IST" duration-ms="13261" status="PASS">
          <reporter-output>
          </reporter-output>
        </test-method> <!-- setup -->
        <test-method signature="nameTextFieldTest()[pri:7, instance:Coden.Selenium.PageObjectTest.AutomationPageTest@6c64cb25]" started-at="2021-12-18T23:07:47 IST" name="nameTextFieldTest" finished-at="2021-12-18T23:07:47 IST" duration-ms="119" status="PASS">
          <reporter-output>
          </reporter-output>
        </test-method> <!-- nameTextFieldTest -->
        <test-method is-config="true" signature="tearDown()[pri:0, instance:Coden.Selenium.PageObjectTest.AutomationPageTest@6c64cb25]" started-at="2021-12-18T23:07:47 IST" name="tearDown" finished-at="2021-12-18T23:07:49 IST" duration-ms="1707" status="PASS">
          <reporter-output>
          </reporter-output>
        </test-method> <!-- tearDown -->
        <test-method is-config="true" signature="setup()[pri:0, instance:Coden.Selenium.PageObjectTest.AutomationPageTest@6c64cb25]" started-at="2021-12-18T23:07:49 IST" name="setup" finished-at="2021-12-18T23:08:01 IST" duration-ms="11927" status="PASS">
          <reporter-output>
          </reporter-output>
        </test-method> <!-- setup -->
        <test-method signature="alertsButtonsTest()[pri:8, instance:Coden.Selenium.PageObjectTest.AutomationPageTest@6c64cb25]" started-at="2021-12-18T23:08:01 IST" name="alertsButtonsTest" finished-at="2021-12-18T23:08:01 IST" duration-ms="204" status="PASS">
          <reporter-output>
          </reporter-output>
        </test-method> <!-- alertsButtonsTest -->
        <test-method is-config="true" signature="tearDown()[pri:0, instance:Coden.Selenium.PageObjectTest.AutomationPageTest@6c64cb25]" started-at="2021-12-18T23:08:01 IST" name="tearDown" finished-at="2021-12-18T23:08:03 IST" duration-ms="2042" status="PASS">
          <reporter-output>
          </reporter-output>
        </test-method> <!-- tearDown -->
        <test-method is-config="true" signature="setup()[pri:0, instance:Coden.Selenium.PageObjectTest.AutomationPageTest@6c64cb25]" started-at="2021-12-18T23:08:03 IST" name="setup" finished-at="2021-12-18T23:08:21 IST" duration-ms="18084" status="PASS">
          <reporter-output>
          </reporter-output>
        </test-method> <!-- setup -->
        <test-method signature="hideShoBtnTest()[pri:9, instance:Coden.Selenium.PageObjectTest.AutomationPageTest@6c64cb25]" started-at="2021-12-18T23:08:21 IST" name="hideShoBtnTest" finished-at="2021-12-18T23:08:23 IST" duration-ms="1911" status="PASS">
          <reporter-output>
          </reporter-output>
        </test-method> <!-- hideShoBtnTest -->
        <test-method is-config="true" signature="tearDown()[pri:0, instance:Coden.Selenium.PageObjectTest.AutomationPageTest@6c64cb25]" started-at="2021-12-18T23:08:23 IST" name="tearDown" finished-at="2021-12-18T23:08:25 IST" duration-ms="1738" status="PASS">
          <reporter-output>
          </reporter-output>
        </test-method> <!-- tearDown -->
        <test-method is-config="true" signature="setup()[pri:0, instance:Coden.Selenium.PageObjectTest.AutomationPageTest@6c64cb25]" started-at="2021-12-18T23:08:25 IST" name="setup" finished-at="2021-12-18T23:08:36 IST" duration-ms="11724" status="PASS">
          <reporter-output>
          </reporter-output>
        </test-method> <!-- setup -->
        <test-method signature="nameTextField1000Test()[pri:10, instance:Coden.Selenium.PageObjectTest.AutomationPageTest@6c64cb25]" started-at="2021-12-18T23:08:36 IST" name="nameTextField1000Test" finished-at="2021-12-18T23:08:37 IST" duration-ms="120" status="PASS">
          <reporter-output>
          </reporter-output>
        </test-method> <!-- nameTextField1000Test -->
        <test-method is-config="true" signature="tearDown()[pri:0, instance:Coden.Selenium.PageObjectTest.AutomationPageTest@6c64cb25]" started-at="2021-12-18T23:08:37 IST" name="tearDown" finished-at="2021-12-18T23:08:39 IST" duration-ms="2007" status="PASS">
          <reporter-output>
          </reporter-output>
        </test-method> <!-- tearDown -->
        <test-method is-config="true" signature="setup()[pri:0, instance:Coden.Selenium.PageObjectTest.AutomationPageTest@6c64cb25]" started-at="2021-12-18T23:08:39 IST" name="setup" finished-at="2021-12-18T23:08:51 IST" duration-ms="12130" status="PASS">
          <reporter-output>
          </reporter-output>
        </test-method> <!-- setup -->
        <test-method signature="hoverOperation()[pri:11, instance:Coden.Selenium.PageObjectTest.AutomationPageTest@6c64cb25]" started-at="2021-12-18T23:08:51 IST" name="hoverOperation" finished-at="2021-12-18T23:08:51 IST" duration-ms="329" status="PASS">
          <reporter-output>
          </reporter-output>
        </test-method> <!-- hoverOperation -->
        <test-method is-config="true" signature="tearDown()[pri:0, instance:Coden.Selenium.PageObjectTest.AutomationPageTest@6c64cb25]" started-at="2021-12-18T23:08:51 IST" name="tearDown" finished-at="2021-12-18T23:08:53 IST" duration-ms="1673" status="PASS">
          <reporter-output>
          </reporter-output>
        </test-method> <!-- tearDown -->
      </class> <!-- Coden.Selenium.PageObjectTest.AutomationPageTest -->
    </test> <!-- Default test -->
  </suite> <!-- Default suite -->
</testng-results>
